[debug] [2025-01-06T00:19:04.205Z] ----------------------------------------------------------------------
[debug] [2025-01-06T00:19:04.206Z] Command:       /opt/homebrew/Cellar/node@18/18.20.5/bin/node /opt/homebrew/bin/firebase init functions
[debug] [2025-01-06T00:19:04.207Z] CLI Version:   13.29.1
[debug] [2025-01-06T00:19:04.207Z] Platform:      darwin
[debug] [2025-01-06T00:19:04.207Z] Node Version:  v18.20.5
[debug] [2025-01-06T00:19:04.208Z] Time:          Mon Jan 06 2025 01:19:04 GMT+0100 (Central European Standard Time)
[debug] [2025-01-06T00:19:04.208Z] ----------------------------------------------------------------------
[debug] 
[debug] [2025-01-06T00:19:04.247Z] Object ".functions" in "firebase.json" has unknown property: {"additionalProperty":"docker"}
[debug] [2025-01-06T00:19:04.247Z] Field ".functions" in "firebase.json" is possibly invalid: should be array
[debug] [2025-01-06T00:19:04.247Z] Field ".functions" in "firebase.json" is possibly invalid: should match some schema in anyOf
[debug] [2025-01-06T00:19:04.249Z] > command requires scopes: ["email","openid","https://www.googleapis.com/auth/cloudplatformprojects.readonly","https://www.googleapis.com/auth/firebase","https://www.googleapis.com/auth/cloud-platform"]
[debug] [2025-01-06T00:19:04.249Z] > authorizing via signed-in user (kajuchu@gmail.com)
[debug] [2025-01-06T00:19:04.250Z] Object ".functions" in "firebase.json" has unknown property: {"additionalProperty":"docker"}
[debug] [2025-01-06T00:19:04.250Z] Field ".functions" in "firebase.json" is possibly invalid: should be array
[debug] [2025-01-06T00:19:04.250Z] Field ".functions" in "firebase.json" is possibly invalid: should match some schema in anyOf
[info] 
     ######## #### ########  ######## ########     ###     ######  ########
     ##        ##  ##     ## ##       ##     ##  ##   ##  ##       ##
     ######    ##  ########  ######   ########  #########  ######  ######
     ##        ##  ##    ##  ##       ##     ## ##     ##       ## ##
     ##       #### ##     ## ######## ########  ##     ##  ######  ########

You're about to initialize a Firebase project in this directory:

  /Users/marcin-dev2/Projecto/Projekty/PD-projekt/projektGaleriaSypniewskiMarcin/projekt-galeria-sypniewski-marcin-v2/projekt-galeria-sypniewski-marcin

Before we get started, keep in mind:

  * You are initializing within an existing Firebase project directory

[info] 
=== Project Setup
[info] 
[info] First, let's associate this project directory with a Firebase project.
[info] You can create multiple project aliases by running firebase use --add, 
[info] but for now we'll just set up a default project.
[info] 
[debug] [2025-01-06T00:19:04.251Z] Using project from CLI flag: projekt-galeria-sypniewski-m
[debug] [2025-01-06T00:19:04.251Z] Checked if tokens are valid: false, expires at: 1736119674204
[debug] [2025-01-06T00:19:04.252Z] Checked if tokens are valid: false, expires at: 1736119674204
[debug] [2025-01-06T00:19:04.252Z] > refreshing access token with scopes: []
[debug] [2025-01-06T00:19:04.253Z] >>> [apiv2][query] POST https://www.googleapis.com/oauth2/v3/token [none]
[debug] [2025-01-06T00:19:04.253Z] >>> [apiv2][body] POST https://www.googleapis.com/oauth2/v3/token [omitted]
[debug] [2025-01-06T00:19:04.626Z] <<< [apiv2][status] POST https://www.googleapis.com/oauth2/v3/token 200
[debug] [2025-01-06T00:19:04.626Z] <<< [apiv2][body] POST https://www.googleapis.com/oauth2/v3/token [omitted]
[debug] [2025-01-06T00:19:04.642Z] >>> [apiv2][query] GET https://firebase.googleapis.com/v1beta1/projects/projekt-galeria-sypniewski-m [none]
[debug] [2025-01-06T00:19:05.251Z] <<< [apiv2][status] GET https://firebase.googleapis.com/v1beta1/projects/projekt-galeria-sypniewski-m 200
[debug] [2025-01-06T00:19:05.251Z] <<< [apiv2][body] GET https://firebase.googleapis.com/v1beta1/projects/projekt-galeria-sypniewski-m {"projectId":"projekt-galeria-sypniewski-m","projectNumber":"965126286990","displayName":"projekt-galeria-sypniewski-m","name":"projects/projekt-galeria-sypniewski-m","resources":{"hostingSite":"projekt-galeria-sypniewski-m"},"state":"ACTIVE","etag":"1_91e75c91-b8af-4432-b3dd-89f6b356f8ad"}
[info] i  Using project projekt-galeria-sypniewski-m (projekt-galeria-sypniewski-m) 
[info] 
=== Functions Setup
[debug] [2025-01-06T00:19:05.260Z] > command requires scopes: ["email","openid","https://www.googleapis.com/auth/cloudplatformprojects.readonly","https://www.googleapis.com/auth/firebase","https://www.googleapis.com/auth/cloud-platform"]
[debug] [2025-01-06T00:19:05.260Z] > authorizing via signed-in user (kajuchu@gmail.com)
[debug] [2025-01-06T00:19:05.260Z] [iam] checking project projekt-galeria-sypniewski-m for permissions ["firebase.projects.get"]
[debug] [2025-01-06T00:19:05.261Z] Checked if tokens are valid: true, expires at: 1736126343626
[debug] [2025-01-06T00:19:05.261Z] Checked if tokens are valid: true, expires at: 1736126343626
[debug] [2025-01-06T00:19:05.261Z] >>> [apiv2][query] POST https://cloudresourcemanager.googleapis.com/v1/projects/projekt-galeria-sypniewski-m:testIamPermissions [none]
[debug] [2025-01-06T00:19:05.262Z] >>> [apiv2][(partial)header] POST https://cloudresourcemanager.googleapis.com/v1/projects/projekt-galeria-sypniewski-m:testIamPermissions x-goog-quota-user=projects/projekt-galeria-sypniewski-m
[debug] [2025-01-06T00:19:05.262Z] >>> [apiv2][body] POST https://cloudresourcemanager.googleapis.com/v1/projects/projekt-galeria-sypniewski-m:testIamPermissions {"permissions":["firebase.projects.get"]}
[debug] [2025-01-06T00:19:06.184Z] <<< [apiv2][status] POST https://cloudresourcemanager.googleapis.com/v1/projects/projekt-galeria-sypniewski-m:testIamPermissions 200
[debug] [2025-01-06T00:19:06.184Z] <<< [apiv2][body] POST https://cloudresourcemanager.googleapis.com/v1/projects/projekt-galeria-sypniewski-m:testIamPermissions {"permissions":["firebase.projects.get"]}
[debug] [2025-01-06T00:19:06.185Z] Checked if tokens are valid: true, expires at: 1736126343626
[debug] [2025-01-06T00:19:06.185Z] Checked if tokens are valid: true, expires at: 1736126343626
[debug] [2025-01-06T00:19:06.185Z] Checked if tokens are valid: true, expires at: 1736126343626
[debug] [2025-01-06T00:19:06.185Z] Checked if tokens are valid: true, expires at: 1736126343626
[debug] [2025-01-06T00:19:06.185Z] >>> [apiv2][query] GET https://serviceusage.googleapis.com/v1/projects/projekt-galeria-sypniewski-m/services/cloudfunctions.googleapis.com [none]
[debug] [2025-01-06T00:19:06.185Z] >>> [apiv2][(partial)header] GET https://serviceusage.googleapis.com/v1/projects/projekt-galeria-sypniewski-m/services/cloudfunctions.googleapis.com x-goog-quota-user=projects/projekt-galeria-sypniewski-m
[debug] [2025-01-06T00:19:06.187Z] >>> [apiv2][query] GET https://serviceusage.googleapis.com/v1/projects/projekt-galeria-sypniewski-m/services/runtimeconfig.googleapis.com [none]
[debug] [2025-01-06T00:19:06.187Z] >>> [apiv2][(partial)header] GET https://serviceusage.googleapis.com/v1/projects/projekt-galeria-sypniewski-m/services/runtimeconfig.googleapis.com x-goog-quota-user=projects/projekt-galeria-sypniewski-m
[debug] [2025-01-06T00:19:07.405Z] <<< [apiv2][status] GET https://serviceusage.googleapis.com/v1/projects/projekt-galeria-sypniewski-m/services/runtimeconfig.googleapis.com 200
[debug] [2025-01-06T00:19:07.405Z] <<< [apiv2][body] GET https://serviceusage.googleapis.com/v1/projects/projekt-galeria-sypniewski-m/services/runtimeconfig.googleapis.com [omitted]
[debug] [2025-01-06T00:19:07.406Z] <<< [apiv2][status] GET https://serviceusage.googleapis.com/v1/projects/projekt-galeria-sypniewski-m/services/cloudfunctions.googleapis.com 200
[debug] [2025-01-06T00:19:07.406Z] <<< [apiv2][body] GET https://serviceusage.googleapis.com/v1/projects/projekt-galeria-sypniewski-m/services/cloudfunctions.googleapis.com [omitted]
[info] 
Detected existing codebase(s): default

